<?xml version="1.0" encoding="UTF-8"?>
<!-- Generated by org.testng.reporters.JUnitXMLReporter -->
<testsuite ignored="0" hostname="ShivaPriya" failures="0" tests="3" name="Default test" time="95.728" errors="0" timestamp="2022-10-24T13:44:15 IST">
  <testcase classname="LambdaCertification.com.LambdaCertification" name="Scenario1" time="8.232"/>
  <testcase classname="LambdaCertification.com.LambdaCertification" name="Scenario2" time="7.989"/>
  <testcase classname="LambdaCertification.com.LambdaCertification" name="Scenario3" time="19.05"/>
</testsuite> <!-- Default test -->
